<?xml version="1.0" encoding="UTF-8"?>
<!-- Generated by org.testng.reporters.JUnitReportReporter -->
<testsuite hostname="DESKTOP-QE2AUUN" failures="0" tests="1" name="testNGPackage.ApplicantRegistrationPage" time="63.264" errors="0" timestamp="2024-11-29T13:29:06 IST" skipped="0">
  <testcase classname="testNGPackage.ApplicantRegistrationPage" name="Test" time="63.264"/>
  <system-out/>
</testsuite> <!-- testNGPackage.ApplicantRegistrationPage -->
