<?xml version="1.0" encoding="UTF-8"?>
<!-- Generated by org.testng.reporters.JUnitReportReporter -->
<testsuite hostname="DESKTOP-QE2AUUN" failures="0" tests="1" name="testNGPackage.ApplicationRegistrationPageTest" time="86.442" errors="0" timestamp="2024-12-01T23:56:30 IST" skipped="0">
  <testcase classname="testNGPackage.ApplicationRegistrationPageTest" name="registrationTest" time="86.442"/>
  <system-out/>
</testsuite> <!-- testNGPackage.ApplicationRegistrationPageTest -->
